<?xml version="1.0" encoding="UTF-8"?>
<!-- Generated by org.testng.reporters.JUnitXMLReporter -->
<testsuite ignored="0" hostname="THOUFIC" failures="0" tests="3" name="ExcelDemo" time="45.688" errors="0" timestamp="28 Dec 2019 14:20:30 GMT">
  <testcase classname="com.qa.crm.test.EntryPageTest" name="entryPageTitleTest" time="0.304"/>
  <testcase classname="com.qa.crm.test.EntryPageTest" name="loginButtonTest" time="0.368"/>
  <testcase classname="com.qa.crm.test.EntryPageTest" name="loginButtonClickTest" time="13.941"/>
</testsuite> <!-- ExcelDemo -->
